2025-01-05 17:01:00,472 - test_logger - INFO - Testing all methods on all virtual machines
2025-01-05 17:01:00,472 - test_logger - INFO - Getting methods and vm data from the config file
2025-01-05 17:01:00,472 - test_logger - INFO - Getting Virtual Machines data from the config file
2025-01-05 17:01:00,472 - test_logger - INFO - Getting methods from the config file
2025-01-05 17:01:00,472 - test_logger - INFO - Testing method ['m1', 'm2', 'm3'] on virtual machine win7 (vb)

2025-01-05 17:01:00,472 - test_logger - INFO - Starting virtual machine...
2025-01-05 17:01:57,358 - test_logger - INFO - Copying executable (m1) to virtual machine...
2025-01-05 17:01:57,574 - test_logger - INFO - Running executable (m1) on virtual machine...
2025-01-05 17:01:57,945 - test_logger - INFO - Testing m1 on win7 (vb) = Success (CompletedProcess(args=['C:\\Program Files\\Oracle\\VirtualBox\\VBoxManage.exe', 'guestcontrol', 'win7', 'run', '--exe', 'C:\\Users\\user\\Desktop\\m1.exe', '--username', 'user', '--password', 'password'], returncode=0, stdout='Opened System registry key. Checking values...\nValue #1: Component Information = Type not supported\nValue #2: Identifier = AT/AT COMPATIBLE\n\nresult:\nSuspicious value found. This may be a virtual machine.\n', stderr=''))
2025-01-05 17:01:57,945 - test_logger - INFO - Copying executable (m2) to virtual machine...
2025-01-05 17:01:58,118 - test_logger - INFO - Running executable (m2) on virtual machine...
2025-01-05 17:01:58,273 - test_logger - INFO - Testing m2 on win7 (vb) = Failure (CompletedProcess(args=['C:\\Program Files\\Oracle\\VirtualBox\\VBoxManage.exe', 'guestcontrol', 'win7', 'run', '--exe', 'C:\\Users\\user\\Desktop\\m2.exe', '--username', 'user', '--password', 'password'], returncode=33, stdout='Detected Hypervisor Signature: VBoxVBoxVBox\nThe program is running on a physical machine.\n', stderr=''))
2025-01-05 17:01:58,273 - test_logger - INFO - Copying executable (m3) to virtual machine...
2025-01-05 17:01:58,429 - test_logger - INFO - Running executable (m3) on virtual machine...
2025-01-05 17:02:00,271 - test_logger - INFO - Testing m3 on win7 (vb) = Failure (CompletedProcess(args=['C:\\Program Files\\Oracle\\VirtualBox\\VBoxManage.exe', 'guestcontrol', 'win7', 'run', '--exe', 'C:\\Users\\user\\Desktop\\m3.exe', '--username', 'user', '--password', 'password'], returncode=3221226356, stdout='Detected Hypervisor Signature: VBoxVBoxVBox\nThe program is running on a physical machine.\n', stderr=''))
2025-01-05 17:02:00,271 - test_logger - INFO - Saving virtual machine state...

2025-01-05 17:02:16,740 - test_logger - INFO - Testing method ['m1', 'm2', 'm3'] on virtual machine Win8 loc (vb)

2025-01-05 17:02:16,740 - test_logger - INFO - Starting virtual machine...
2025-01-05 17:02:35,803 - test_logger - INFO - Copying executable (m1) to virtual machine...
2025-01-05 17:02:35,839 - test_logger - INFO - Running executable (m1) on virtual machine...
2025-01-05 17:02:35,872 - test_logger - INFO - Testing m1 on Win8 loc (vb) = Failure (CompletedProcess(args=['C:\\Program Files\\Oracle\\VirtualBox\\VBoxManage.exe', 'guestcontrol', 'Win8 loc', 'run', '--exe', 'C:\\Users\\vboxuser\\Desktop\\m1.exe', '--username', 'vboxuser', '--password', 'changeme'], returncode=1, stdout='', stderr='VBoxManage.exe: error: Machine "Win8 loc" is not running (currently aborted-saved)!\n'))
2025-01-05 17:02:35,872 - test_logger - INFO - Copying executable (m2) to virtual machine...
2025-01-05 17:02:35,904 - test_logger - INFO - Running executable (m2) on virtual machine...
2025-01-05 17:02:37,109 - test_logger - INFO - Testing m2 on Win8 loc (vb) = Failure (CompletedProcess(args=['C:\\Program Files\\Oracle\\VirtualBox\\VBoxManage.exe', 'guestcontrol', 'Win8 loc', 'run', '--exe', 'C:\\Users\\vboxuser\\Desktop\\m2.exe', '--username', 'vboxuser', '--password', 'changeme'], returncode=3221225477, stdout='', stderr=''))
2025-01-05 17:02:37,109 - test_logger - INFO - Copying executable (m3) to virtual machine...
2025-01-05 17:02:37,140 - test_logger - INFO - Running executable (m3) on virtual machine...
2025-01-05 17:02:37,178 - test_logger - INFO - Testing m3 on Win8 loc (vb) = Failure (CompletedProcess(args=['C:\\Program Files\\Oracle\\VirtualBox\\VBoxManage.exe', 'guestcontrol', 'Win8 loc', 'run', '--exe', 'C:\\Users\\vboxuser\\Desktop\\m3.exe', '--username', 'vboxuser', '--password', 'changeme'], returncode=1, stdout='', stderr='VBoxManage.exe: error: Machine "Win8 loc" is not running (currently aborted-saved)!\n'))
2025-01-05 17:02:37,178 - test_logger - INFO - Saving virtual machine state...

2025-01-05 17:02:37,210 - test_logger - INFO - Testing method ['m1', 'm2', 'm3'] on virtual machine win8 (vmware)

2025-01-05 17:02:37,210 - test_logger - INFO - Starting virtual machine...
2025-01-05 17:04:56,116 - test_logger - INFO - Copying executable (m1) to virtual machine...
2025-01-05 17:04:56,764 - test_logger - INFO - Running executable (m1) on virtual machine...
2025-01-05 17:04:58,429 - test_logger - INFO - Testing m1 on win8 (vmware) = Success (CompletedProcess(args=['C:\\Program Files (x86)\\VMware\\VMware Workstation\\vmrun.exe', '-gu', 'adkh', '-gp', 'password', 'runProgramInGuest', 'G:\\Ayman\\vmware\\win8\\Windows 8.x x64.vmx', 'C:\\Users\\adkh\\Desktop\\m1.exe'], returncode=0, stdout='', stderr=''))
2025-01-05 17:04:58,429 - test_logger - INFO - Copying executable (m2) to virtual machine...
2025-01-05 17:04:59,149 - test_logger - INFO - Running executable (m2) on virtual machine...
2025-01-05 17:05:00,782 - test_logger - INFO - Testing m2 on win8 (vmware) = Failure (CompletedProcess(args=['C:\\Program Files (x86)\\VMware\\VMware Workstation\\vmrun.exe', '-gu', 'adkh', '-gp', 'password', 'runProgramInGuest', 'G:\\Ayman\\vmware\\win8\\Windows 8.x x64.vmx', 'C:\\Users\\adkh\\Desktop\\m2.exe'], returncode=1, stdout='Guest program exited with non-zero exit code: 1\n', stderr=''))
2025-01-05 17:05:00,782 - test_logger - INFO - Copying executable (m3) to virtual machine...
2025-01-05 17:05:01,501 - test_logger - INFO - Running executable (m3) on virtual machine...
2025-01-05 17:05:03,111 - test_logger - INFO - Testing m3 on win8 (vmware) = Failure (CompletedProcess(args=['C:\\Program Files (x86)\\VMware\\VMware Workstation\\vmrun.exe', '-gu', 'adkh', '-gp', 'password', 'runProgramInGuest', 'G:\\Ayman\\vmware\\win8\\Windows 8.x x64.vmx', 'C:\\Users\\adkh\\Desktop\\m3.exe'], returncode=1, stdout='Guest program exited with non-zero exit code: 1\n', stderr=''))
2025-01-05 17:05:03,112 - test_logger - INFO - Saving virtual machine state...

2025-01-05 17:05:24,558 - test_logger - INFO - Testing method ['m1', 'm2', 'm3'] on virtual machine ubuntu (vmware)

2025-01-05 17:05:24,559 - test_logger - INFO - Starting virtual machine...
2025-01-05 17:08:36,139 - test_logger - INFO - Copying executable (m1) to virtual machine...
2025-01-05 17:08:37,005 - test_logger - INFO - Running executable (m1) on virtual machine...
2025-01-05 17:08:38,607 - test_logger - INFO - Testing m1 on ubuntu (vmware) = Failure (CompletedProcess(args=['C:\\Program Files (x86)\\VMware\\VMware Workstation\\vmrun.exe', '-gu', 'user', '-gp', '@YM@n2004', 'runProgramInGuest', 'G:\\Ayman\\vmware\\ubuntu\\Ubuntu 64-bit.vmx', '/home/user/Desktop/m1.out'], returncode=126, stdout='Guest program exited with non-zero exit code: 126\n', stderr=''))
2025-01-05 17:08:38,607 - test_logger - INFO - Copying executable (m2) to virtual machine...
2025-01-05 17:08:39,466 - test_logger - INFO - Running executable (m2) on virtual machine...
2025-01-05 17:08:41,072 - test_logger - INFO - Testing m2 on ubuntu (vmware) = Failure (CompletedProcess(args=['C:\\Program Files (x86)\\VMware\\VMware Workstation\\vmrun.exe', '-gu', 'user', '-gp', '@YM@n2004', 'runProgramInGuest', 'G:\\Ayman\\vmware\\ubuntu\\Ubuntu 64-bit.vmx', '/home/user/Desktop/m2.out'], returncode=126, stdout='Guest program exited with non-zero exit code: 126\n', stderr=''))
2025-01-05 17:08:41,072 - test_logger - INFO - Copying executable (m3) to virtual machine...
2025-01-05 17:08:41,834 - test_logger - INFO - Running executable (m3) on virtual machine...
2025-01-05 17:08:43,420 - test_logger - INFO - Testing m3 on ubuntu (vmware) = Failure (CompletedProcess(args=['C:\\Program Files (x86)\\VMware\\VMware Workstation\\vmrun.exe', '-gu', 'user', '-gp', '@YM@n2004', 'runProgramInGuest', 'G:\\Ayman\\vmware\\ubuntu\\Ubuntu 64-bit.vmx', '/home/user/Desktop/m3.out'], returncode=126, stdout='Guest program exited with non-zero exit code: 126\n', stderr=''))
2025-01-05 17:08:43,420 - test_logger - INFO - Saving virtual machine state...

2025-01-05 16:34:10,779 - test_logger - INFO - Testing all methods on all virtual machines
2025-01-05 16:34:10,780 - test_logger - INFO - Getting methods and vm data from the config file
2025-01-05 16:34:10,780 - test_logger - INFO - Getting Virtual Machines data from the config file
2025-01-05 16:34:10,780 - test_logger - INFO - Getting methods from the config file
2025-01-05 16:34:10,780 - test_logger - INFO - Testing method ['m1', 'm2', 'm3'] on virtual machine win7 (vb)

2025-01-05 16:34:10,780 - test_logger - INFO - Starting virtual machine...
2025-01-05 16:35:02,932 - test_logger - INFO - Copying executable (m1) to virtual machine...
2025-01-05 16:35:03,116 - test_logger - INFO - Running executable (m1) on virtual machine...
2025-01-05 16:35:03,257 - test_logger - INFO - Testing m1 on win7 (vb) = Success (CompletedProcess(args=['C:\\Program Files\\Oracle\\VirtualBox\\VBoxManage.exe', 'guestcontrol', 'win7', 'run', '--exe', 'C:\\Users\\user\\Desktop\\m1.exe', '--username', 'user', '--password', 'password'], returncode=0, stdout='Opened System registry key. Checking values...\nValue #1: Component Information = Type not supported\nValue #2: Identifier = AT/AT COMPATIBLE\n\nresult:\nSuspicious value found. This may be a virtual machine.\n', stderr=''))
2025-01-05 16:35:03,257 - test_logger - INFO - Copying executable (m2) to virtual machine...
2025-01-05 16:35:03,403 - test_logger - INFO - Running executable (m2) on virtual machine...
2025-01-05 16:35:03,558 - test_logger - INFO - Testing m2 on win7 (vb) = Failure (CompletedProcess(args=['C:\\Program Files\\Oracle\\VirtualBox\\VBoxManage.exe', 'guestcontrol', 'win7', 'run', '--exe', 'C:\\Users\\user\\Desktop\\m2.exe', '--username', 'user', '--password', 'password'], returncode=33, stdout='Detected Hypervisor Signature: VBoxVBoxVBox\nThe program is running on a physical machine.\n', stderr=''))
2025-01-05 16:35:03,558 - test_logger - INFO - Copying executable (m3) to virtual machine...
2025-01-05 16:35:03,710 - test_logger - INFO - Running executable (m3) on virtual machine...
2025-01-05 16:35:03,883 - test_logger - INFO - Testing m3 on win7 (vb) = Failure (CompletedProcess(args=['C:\\Program Files\\Oracle\\VirtualBox\\VBoxManage.exe', 'guestcontrol', 'win7', 'run', '--exe', 'C:\\Users\\user\\Desktop\\m3.exe', '--username', 'user', '--password', 'password'], returncode=33, stdout='Detected Hypervisor Signature: VBoxVBoxVBox\nThe program is running on a physical machine.\n', stderr=''))
2025-01-05 16:35:03,883 - test_logger - INFO - Saving virtual machine state...

2025-01-05 16:35:16,277 - test_logger - INFO - Testing method ['m1', 'm2', 'm3'] on virtual machine win8 (vmware)

2025-01-05 16:35:16,277 - test_logger - INFO - Starting virtual machine...
2025-01-05 16:37:27,139 - test_logger - INFO - Testing all methods on all virtual machines
2025-01-05 16:37:27,140 - test_logger - INFO - Getting methods and vm data from the config file
2025-01-05 16:37:27,140 - test_logger - INFO - Getting Virtual Machines data from the config file
2025-01-05 16:37:27,140 - test_logger - INFO - Getting methods from the config file
2025-01-05 16:37:27,140 - test_logger - INFO - Testing method ['m1', 'm2', 'm3'] on virtual machine win7 (vb)

2025-01-05 16:37:27,140 - test_logger - INFO - Starting virtual machine...
2025-01-05 16:37:51,579 - test_logger - INFO - Copying executable (m1) to virtual machine...
2025-01-05 16:37:51,752 - test_logger - INFO - Running executable (m1) on virtual machine...
2025-01-05 16:37:51,891 - test_logger - INFO - Testing m1 on win7 (vb) = Success (CompletedProcess(args=['C:\\Program Files\\Oracle\\VirtualBox\\VBoxManage.exe', 'guestcontrol', 'win7', 'run', '--exe', 'C:\\Users\\user\\Desktop\\m1.exe', '--username', 'user', '--password', 'password'], returncode=0, stdout='Opened System registry key. Checking values...\nValue #1: Component Information = Type not supported\nValue #2: Identifier = AT/AT COMPATIBLE\n\nresult:\nSuspicious value found. This may be a virtual machine.\n', stderr=''))
2025-01-05 16:37:51,891 - test_logger - INFO - Copying executable (m2) to virtual machine...
2025-01-05 16:37:52,033 - test_logger - INFO - Running executable (m2) on virtual machine...
2025-01-05 16:37:52,172 - test_logger - INFO - Testing m2 on win7 (vb) = Success (CompletedProcess(args=['C:\\Program Files\\Oracle\\VirtualBox\\VBoxManage.exe', 'guestcontrol', 'win7', 'run', '--exe', 'C:\\Users\\user\\Desktop\\m2.exe', '--username', 'user', '--password', 'password'], returncode=0, stdout='Detected Hypervisor Signature: VBoxVBoxVBox\nThe program is running on a virtual machine.\n', stderr=''))
2025-01-05 16:37:52,173 - test_logger - INFO - Copying executable (m3) to virtual machine...
2025-01-05 16:37:52,318 - test_logger - INFO - Running executable (m3) on virtual machine...
2025-01-05 16:37:52,453 - test_logger - INFO - Testing m3 on win7 (vb) = Success (CompletedProcess(args=['C:\\Program Files\\Oracle\\VirtualBox\\VBoxManage.exe', 'guestcontrol', 'win7', 'run', '--exe', 'C:\\Users\\user\\Desktop\\m3.exe', '--username', 'user', '--password', 'password'], returncode=0, stdout='Detected Hypervisor Signature: VBoxVBoxVBox\nThe program is running on a virtual machine.\n', stderr=''))
2025-01-05 16:37:52,453 - test_logger - INFO - Saving virtual machine state...

2025-01-05 16:38:13,287 - test_logger - INFO - Testing method ['m1', 'm2', 'm3'] on virtual machine win8 (vmware)

2025-01-05 16:38:13,287 - test_logger - INFO - Starting virtual machine...
2025-01-05 16:38:28,773 - test_logger - INFO - Copying executable (m1) to virtual machine...
2025-01-05 16:38:29,497 - test_logger - INFO - Running executable (m1) on virtual machine...
2025-01-05 16:38:31,064 - test_logger - INFO - Testing m1 on win8 (vmware) = Success (CompletedProcess(args=['C:\\Program Files (x86)\\VMware\\VMware Workstation\\vmrun.exe', '-gu', 'adkh', '-gp', 'password', 'runProgramInGuest', 'G:\\Ayman\\vmware\\win8\\Windows 8.x x64.vmx', 'C:\\Users\\adkh\\Desktop\\m1.exe'], returncode=0, stdout='', stderr=''))
2025-01-05 16:38:31,064 - test_logger - INFO - Copying executable (m2) to virtual machine...
2025-01-05 16:38:31,654 - test_logger - INFO - Running executable (m2) on virtual machine...
2025-01-05 16:38:33,251 - test_logger - INFO - Testing m2 on win8 (vmware) = Success (CompletedProcess(args=['C:\\Program Files (x86)\\VMware\\VMware Workstation\\vmrun.exe', '-gu', 'adkh', '-gp', 'password', 'runProgramInGuest', 'G:\\Ayman\\vmware\\win8\\Windows 8.x x64.vmx', 'C:\\Users\\adkh\\Desktop\\m2.exe'], returncode=0, stdout='', stderr=''))
2025-01-05 16:38:33,251 - test_logger - INFO - Copying executable (m3) to virtual machine...
2025-01-05 16:38:33,841 - test_logger - INFO - Running executable (m3) on virtual machine...
2025-01-05 16:38:35,481 - test_logger - INFO - Testing m3 on win8 (vmware) = Success (CompletedProcess(args=['C:\\Program Files (x86)\\VMware\\VMware Workstation\\vmrun.exe', '-gu', 'adkh', '-gp', 'password', 'runProgramInGuest', 'G:\\Ayman\\vmware\\win8\\Windows 8.x x64.vmx', 'C:\\Users\\adkh\\Desktop\\m3.exe'], returncode=0, stdout='', stderr=''))
2025-01-05 16:38:35,481 - test_logger - INFO - Saving virtual machine state...

2025-01-05 16:39:05,382 - test_logger - INFO - Testing method ['m1', 'm2', 'm3'] on virtual machine ubuntu (vmware)

2025-01-05 16:39:05,382 - test_logger - INFO - Starting virtual machine...
2025-01-05 16:42:19,055 - test_logger - INFO - Copying executable (m1) to virtual machine...
2025-01-05 16:42:19,746 - test_logger - INFO - Running executable (m1) on virtual machine...
2025-01-05 16:42:21,318 - test_logger - INFO - Testing m1 on ubuntu (vmware) = Failure (CompletedProcess(args=['C:\\Program Files (x86)\\VMware\\VMware Workstation\\vmrun.exe', '-gu', 'user', '-gp', '@YM@n2004', 'runProgramInGuest', 'G:\\Ayman\\vmware\\ubuntu\\Ubuntu 64-bit.vmx', '/home/user/Desktop/m1.out'], returncode=126, stdout='Guest program exited with non-zero exit code: 126\n', stderr=''))
2025-01-05 16:42:21,318 - test_logger - INFO - Copying executable (m2) to virtual machine...
2025-01-05 16:42:22,134 - test_logger - INFO - Running executable (m2) on virtual machine...
2025-01-05 16:42:23,765 - test_logger - INFO - Testing m2 on ubuntu (vmware) = Success (CompletedProcess(args=['C:\\Program Files (x86)\\VMware\\VMware Workstation\\vmrun.exe', '-gu', 'user', '-gp', '@YM@n2004', 'runProgramInGuest', 'G:\\Ayman\\vmware\\ubuntu\\Ubuntu 64-bit.vmx', '/home/user/Desktop/m2.out'], returncode=0, stdout='', stderr=''))
2025-01-05 16:42:23,765 - test_logger - INFO - Copying executable (m3) to virtual machine...
2025-01-05 16:42:24,448 - test_logger - INFO - Running executable (m3) on virtual machine...
2025-01-05 16:42:26,154 - test_logger - INFO - Testing m3 on ubuntu (vmware) = Success (CompletedProcess(args=['C:\\Program Files (x86)\\VMware\\VMware Workstation\\vmrun.exe', '-gu', 'user', '-gp', '@YM@n2004', 'runProgramInGuest', 'G:\\Ayman\\vmware\\ubuntu\\Ubuntu 64-bit.vmx', '/home/user/Desktop/m3.out'], returncode=0, stdout='', stderr=''))
2025-01-05 16:42:26,154 - test_logger - INFO - Saving virtual machine state...

